ERROR - 2023-02-15 12:35:25 --> Error connecting to the database: mysqli_sql_exception: No connection could be made because the target machine actively refused it in C:\xampp\htdocs\kodingan\inventaris\vendor\codeigniter4\framework\system\Database\MySQLi\Connection.php:173
Stack trace:
#0 C:\xampp\htdocs\kodingan\inventaris\vendor\codeigniter4\framework\system\Database\MySQLi\Connection.php(173): mysqli->real_connect('localhost', 'root', Object(SensitiveParameterValue), 'inventaris_smal...', 3306, '', 0)
#1 C:\xampp\htdocs\kodingan\inventaris\vendor\codeigniter4\framework\system\Database\BaseConnection.php(391): CodeIgniter\Database\MySQLi\Connection->connect(false)
#2 C:\xampp\htdocs\kodingan\inventaris\vendor\codeigniter4\framework\system\Database\BaseConnection.php(573): CodeIgniter\Database\BaseConnection->initialize()
#3 C:\xampp\htdocs\kodingan\inventaris\vendor\codeigniter4\framework\system\Database\BaseBuilder.php(1686): CodeIgniter\Database\BaseConnection->query('SELECT COUNT(*)...', Array, false)
#4 C:\xampp\htdocs\kodingan\inventaris\vendor\codeigniter4\framework\system\Model.php(605): CodeIgniter\Database\BaseBuilder->countAllResults(true)
#5 C:\xampp\htdocs\kodingan\inventaris\app\Controllers\Umum.php(25): CodeIgniter\Model->countAllResults()
#6 C:\xampp\htdocs\kodingan\inventaris\vendor\codeigniter4\framework\system\CodeIgniter.php(934): App\Controllers\Umum->index()
#7 C:\xampp\htdocs\kodingan\inventaris\vendor\codeigniter4\framework\system\CodeIgniter.php(499): CodeIgniter\CodeIgniter->runController(Object(App\Controllers\Umum))
#8 C:\xampp\htdocs\kodingan\inventaris\vendor\codeigniter4\framework\system\CodeIgniter.php(368): CodeIgniter\CodeIgniter->handleRequest(NULL, Object(Config\Cache), false)
#9 C:\xampp\htdocs\kodingan\inventaris\public\index.php(67): CodeIgniter\CodeIgniter->run()
#10 C:\xampp\htdocs\kodingan\inventaris\vendor\codeigniter4\framework\system\Commands\Server\rewrite.php(47): require_once('C:\\xampp\\htdocs...')
#11 {main}

Next CodeIgniter\Database\Exceptions\DatabaseException: No connection could be made because the target machine actively refused it in C:\xampp\htdocs\kodingan\inventaris\vendor\codeigniter4\framework\system\Database\MySQLi\Connection.php:218
Stack trace:
#0 C:\xampp\htdocs\kodingan\inventaris\vendor\codeigniter4\framework\system\Database\BaseConnection.php(391): CodeIgniter\Database\MySQLi\Connection->connect(false)
#1 C:\xampp\htdocs\kodingan\inventaris\vendor\codeigniter4\framework\system\Database\BaseConnection.php(573): CodeIgniter\Database\BaseConnection->initialize()
#2 C:\xampp\htdocs\kodingan\inventaris\vendor\codeigniter4\framework\system\Database\BaseBuilder.php(1686): CodeIgniter\Database\BaseConnection->query('SELECT COUNT(*)...', Array, false)
#3 C:\xampp\htdocs\kodingan\inventaris\vendor\codeigniter4\framework\system\Model.php(605): CodeIgniter\Database\BaseBuilder->countAllResults(true)
#4 C:\xampp\htdocs\kodingan\inventaris\app\Controllers\Umum.php(25): CodeIgniter\Model->countAllResults()
#5 C:\xampp\htdocs\kodingan\inventaris\vendor\codeigniter4\framework\system\CodeIgniter.php(934): App\Controllers\Umum->index()
#6 C:\xampp\htdocs\kodingan\inventaris\vendor\codeigniter4\framework\system\CodeIgniter.php(499): CodeIgniter\CodeIgniter->runController(Object(App\Controllers\Umum))
#7 C:\xampp\htdocs\kodingan\inventaris\vendor\codeigniter4\framework\system\CodeIgniter.php(368): CodeIgniter\CodeIgniter->handleRequest(NULL, Object(Config\Cache), false)
#8 C:\xampp\htdocs\kodingan\inventaris\public\index.php(67): CodeIgniter\CodeIgniter->run()
#9 C:\xampp\htdocs\kodingan\inventaris\vendor\codeigniter4\framework\system\Commands\Server\rewrite.php(47): require_once('C:\\xampp\\htdocs...')
#10 {main}
CRITICAL - 2023-02-15 12:35:25 --> Unable to connect to the database.
Main connection [MySQLi]: No connection could be made because the target machine actively refused it
in SYSTEMPATH\Database\BaseConnection.php on line 427.
 1 SYSTEMPATH\Database\BaseConnection.php(573): CodeIgniter\Database\BaseConnection->initialize()
 2 SYSTEMPATH\Database\BaseBuilder.php(1686): CodeIgniter\Database\BaseConnection->query('SELECT COUNT(*) AS `numrows`
FROM `piala`', [], false)
 3 SYSTEMPATH\Model.php(605): CodeIgniter\Database\BaseBuilder->countAllResults(true)
 4 APPPATH\Controllers\Umum.php(25): CodeIgniter\Model->countAllResults()
 5 SYSTEMPATH\CodeIgniter.php(934): App\Controllers\Umum->index()
 6 SYSTEMPATH\CodeIgniter.php(499): CodeIgniter\CodeIgniter->runController(Object(App\Controllers\Umum))
 7 SYSTEMPATH\CodeIgniter.php(368): CodeIgniter\CodeIgniter->handleRequest(null, Object(Config\Cache), false)
 8 FCPATH\index.php(67): CodeIgniter\CodeIgniter->run()
 9 SYSTEMPATH\Commands\Server\rewrite.php(47): require_once('FCPATH\\index.php')
INFO - 2023-02-15 12:37:40 --> Session: Class initialized using 'CodeIgniter\Session\Handlers\FileHandler' driver.
INFO - 2023-02-15 12:37:40 --> Session: Class initialized using 'CodeIgniter\Session\Handlers\FileHandler' driver.
INFO - 2023-02-15 12:37:43 --> Session: Class initialized using 'CodeIgniter\Session\Handlers\FileHandler' driver.
INFO - 2023-02-15 12:37:43 --> Session: Class initialized using 'CodeIgniter\Session\Handlers\FileHandler' driver.
INFO - 2023-02-15 12:40:29 --> Session: Class initialized using 'CodeIgniter\Session\Handlers\FileHandler' driver.
INFO - 2023-02-15 12:41:46 --> Session: Class initialized using 'CodeIgniter\Session\Handlers\FileHandler' driver.
INFO - 2023-02-15 12:42:45 --> Session: Class initialized using 'CodeIgniter\Session\Handlers\FileHandler' driver.
INFO - 2023-02-15 12:43:10 --> Session: Class initialized using 'CodeIgniter\Session\Handlers\FileHandler' driver.
INFO - 2023-02-15 12:44:10 --> Session: Class initialized using 'CodeIgniter\Session\Handlers\FileHandler' driver.
INFO - 2023-02-15 12:51:16 --> Session: Class initialized using 'CodeIgniter\Session\Handlers\FileHandler' driver.
INFO - 2023-02-15 12:51:19 --> Session: Class initialized using 'CodeIgniter\Session\Handlers\FileHandler' driver.
